Project-SakuLegacy/build/app/intermediates/manifest_merge_blame_file/release/processReleaseMainManifest/manifest-merger-blame-release-report.txt
1<?xml version="1.0" encoding="utf-8"?>
2<manifest xmlns:android="http://schemas.android.com/apk/res/android"
3    package="com.sakulegacy.sakulegacy"
4    android:versionCode="1"
5    android:versionName="1.0.0" >
6
7    <uses-sdk
8        android:minSdkVersion="21"
9        android:targetSdkVersion="35" />
10    <!--
11         Required to query activities that can process text, see:
12         https://developer.android.com/training/package-visibility and
13         https://developer.android.com/reference/android/content/Intent#ACTION_PROCESS_TEXT.
14
15         In particular, this is used by the Flutter engine in io.flutter.plugin.text.ProcessTextPlugin.
16    -->
17    <queries>
17-->src\main\AndroidManifest.xml:39:5-44:15
18        <intent>
18-->src\main\AndroidManifest.xml:40:9-43:18
19            <action android:name="android.intent.action.PROCESS_TEXT" />
19-->src\main\AndroidManifest.xml:41:13-72
19-->src\main\AndroidManifest.xml:41:21-70
20
21            <data android:mimeType="text/plain" />
21-->src\main\AndroidManifest.xml:42:13-50
21-->src\main\AndroidManifest.xml:42:19-48
22        </intent>
23    </queries>
24
25    <uses-feature android:name="android.hardware.camera.any" />
25-->[:camera_android_camerax] AndroidManifest.xml:7:5-64
25-->[:camera_android_camerax] AndroidManifest.xml:7:19-61
26
27    <uses-permission android:name="android.permission.CAMERA" />
27-->[:camera_android_camerax] AndroidManifest.xml:9:5-65
27-->[:camera_android_camerax] AndroidManifest.xml:9:22-62
28    <uses-permission android:name="android.permission.RECORD_AUDIO" />
28-->[:camera_android_camerax] AndroidManifest.xml:10:5-71
28-->[:camera_android_camerax] AndroidManifest.xml:10:22-68
29    <uses-permission
29-->[:camera_android_camerax] AndroidManifest.xml:11:5-13:38
30        android:name="android.permission.WRITE_EXTERNAL_STORAGE"
30-->[:camera_android_camerax] AndroidManifest.xml:12:9-65
31        android:maxSdkVersion="28" />
31-->[:camera_android_camerax] AndroidManifest.xml:13:9-35
32    <uses-permission android:name="android.permission.READ_EXTERNAL_STORAGE" />
33
34    <permission
34-->[androidx.core:core:1.13.1] AndroidManifest.xml:22:5-24:47
35        android:name="com.sakulegacy.sakulegacy.DYNAMIC_RECEIVER_NOT_EXPORTED_PERMISSION"
35-->[androidx.core:core:1.13.1] AndroidManifest.xml:23:9-81
36        android:protectionLevel="signature" />
36-->[androidx.core:core:1.13.1] AndroidManifest.xml:24:9-44
37
38    <uses-permission android:name="com.sakulegacy.sakulegacy.DYNAMIC_RECEIVER_NOT_EXPORTED_PERMISSION" />
38-->[androidx.core:core:1.13.1] AndroidManifest.xml:26:5-97
38-->[androidx.core:core:1.13.1] AndroidManifest.xml:26:22-94
39
40    <application
41        android:name="android.app.Application"
41-->src\main\AndroidManifest.xml:4:9-42
42        android:appComponentFactory="androidx.core.app.CoreComponentFactory"
42-->[androidx.core:core:1.13.1] AndroidManifest.xml:28:18-86
43        android:extractNativeLibs="true"
44        android:icon="@mipmap/ic_launcher"
44-->src\main\AndroidManifest.xml:5:9-43
45        android:label="sakulegacy" >
45-->src\main\AndroidManifest.xml:3:9-35
46        <activity
46-->src\main\AndroidManifest.xml:6:9-27:20
47            android:name="com.sakulegacy.sakulegacy.MainActivity"
47-->src\main\AndroidManifest.xml:7:13-41
48            android:configChanges="orientation|keyboardHidden|keyboard|screenSize|smallestScreenSize|locale|layoutDirection|fontScale|screenLayout|density|uiMode"
48-->src\main\AndroidManifest.xml:12:13-163
49            android:exported="true"
49-->src\main\AndroidManifest.xml:8:13-36
50            android:hardwareAccelerated="true"
50-->src\main\AndroidManifest.xml:13:13-47
51            android:launchMode="singleTop"
51-->src\main\AndroidManifest.xml:9:13-43
52            android:taskAffinity=""
52-->src\main\AndroidManifest.xml:10:13-36
53            android:theme="@style/LaunchTheme"
53-->src\main\AndroidManifest.xml:11:13-47
54            android:windowSoftInputMode="adjustResize" >
54-->src\main\AndroidManifest.xml:14:13-55
55
56            <!--
57                 Specifies an Android theme to apply to this Activity as soon as
58                 the Android process has started. This theme is visible to the user
59                 while the Flutter UI initializes. After that, this theme continues
60                 to determine the Window background behind the Flutter UI.
61            -->
62            <meta-data
62-->src\main\AndroidManifest.xml:19:13-22:17
63                android:name="io.flutter.embedding.android.NormalTheme"
63-->src\main\AndroidManifest.xml:20:15-70
64                android:resource="@style/NormalTheme" />
64-->src\main\AndroidManifest.xml:21:15-52
65
66            <intent-filter>
66-->src\main\AndroidManifest.xml:23:13-26:29
67                <action android:name="android.intent.action.MAIN" />
67-->src\main\AndroidManifest.xml:24:17-68
67-->src\main\AndroidManifest.xml:24:25-66
68
69                <category android:name="android.intent.category.LAUNCHER" />
69-->src\main\AndroidManifest.xml:25:17-76
69-->src\main\AndroidManifest.xml:25:27-74
70            </intent-filter>
71        </activity>
72        <!--
73             Don't delete the meta-data below.
74             This is used by the Flutter tool to generate GeneratedPluginRegistrant.java
75        -->
76        <meta-data
76-->src\main\AndroidManifest.xml:30:9-32:33
77            android:name="flutterEmbedding"
77-->src\main\AndroidManifest.xml:31:13-44
78            android:value="2" />
78-->src\main\AndroidManifest.xml:32:13-30
79
80        <service
80-->[androidx.camera:camera-camera2:1.5.0-beta01] AndroidManifest.xml:24:9-33:19
81            android:name="androidx.camera.core.impl.MetadataHolderService"
81-->[androidx.camera:camera-camera2:1.5.0-beta01] AndroidManifest.xml:25:13-75
82            android:enabled="false"
82-->[androidx.camera:camera-camera2:1.5.0-beta01] AndroidManifest.xml:26:13-36
83            android:exported="false" >
83-->[androidx.camera:camera-camera2:1.5.0-beta01] AndroidManifest.xml:27:13-37
84            <meta-data
84-->[androidx.camera:camera-camera2:1.5.0-beta01] AndroidManifest.xml:30:13-32:89
85                android:name="androidx.camera.core.impl.MetadataHolderService.DEFAULT_CONFIG_PROVIDER"
85-->[androidx.camera:camera-camera2:1.5.0-beta01] AndroidManifest.xml:31:17-103
86                android:value="androidx.camera.camera2.Camera2Config$DefaultProvider" />
86-->[androidx.camera:camera-camera2:1.5.0-beta01] AndroidManifest.xml:32:17-86
87        </service>
88
89        <provider
89-->[:image_picker_android] AndroidManifest.xml:9:9-17:20
90            android:name="io.flutter.plugins.imagepicker.ImagePickerFileProvider"
90-->[:image_picker_android] AndroidManifest.xml:10:13-82
91            android:authorities="com.sakulegacy.sakulegacy.flutter.image_provider"
91-->[:image_picker_android] AndroidManifest.xml:11:13-74
92            android:exported="false"
92-->[:image_picker_android] AndroidManifest.xml:12:13-37
93            android:grantUriPermissions="true" >
93-->[:image_picker_android] AndroidManifest.xml:13:13-47
94            <meta-data
94-->[:image_picker_android] AndroidManifest.xml:14:13-16:75
95                android:name="android.support.FILE_PROVIDER_PATHS"
95-->[:image_picker_android] AndroidManifest.xml:15:17-67
96                android:resource="@xml/flutter_image_picker_file_paths" />
96-->[:image_picker_android] AndroidManifest.xml:16:17-72
97        </provider> <!-- Trigger Google Play services to install the backported photo picker module. -->
98        <service
98-->[:image_picker_android] AndroidManifest.xml:19:9-31:19
99            android:name="com.google.android.gms.metadata.ModuleDependencies"
99-->[:image_picker_android] AndroidManifest.xml:20:13-78
100            android:enabled="false"
100-->[:image_picker_android] AndroidManifest.xml:21:13-36
101            android:exported="false" >
101-->[:image_picker_android] AndroidManifest.xml:22:13-37
102            <intent-filter>
102-->[:image_picker_android] AndroidManifest.xml:24:13-26:29
103                <action android:name="com.google.android.gms.metadata.MODULE_DEPENDENCIES" />
103-->[:image_picker_android] AndroidManifest.xml:25:17-94
103-->[:image_picker_android] AndroidManifest.xml:25:25-91
104            </intent-filter>
105
106            <meta-data
106-->[:image_picker_android] AndroidManifest.xml:28:13-30:36
107                android:name="photopicker_activity:0:required"
107-->[:image_picker_android] AndroidManifest.xml:29:17-63
108                android:value="" />
108-->[:image_picker_android] AndroidManifest.xml:30:17-33
109        </service>
110
111        <uses-library
111-->[androidx.window:window:1.2.0] AndroidManifest.xml:23:9-25:40
112            android:name="androidx.window.extensions"
112-->[androidx.window:window:1.2.0] AndroidManifest.xml:24:13-54
113            android:required="false" />
113-->[androidx.window:window:1.2.0] AndroidManifest.xml:25:13-37
114        <uses-library
114-->[androidx.window:window:1.2.0] AndroidManifest.xml:26:9-28:40
115            android:name="androidx.window.sidecar"
115-->[androidx.window:window:1.2.0] AndroidManifest.xml:27:13-51
116            android:required="false" />
116-->[androidx.window:window:1.2.0] AndroidManifest.xml:28:13-37
117
118        <provider
118-->[androidx.lifecycle:lifecycle-process:2.7.0] AndroidManifest.xml:24:9-32:20
119            android:name="androidx.startup.InitializationProvider"
119-->[androidx.lifecycle:lifecycle-process:2.7.0] AndroidManifest.xml:25:13-67
120            android:authorities="com.sakulegacy.sakulegacy.androidx-startup"
120-->[androidx.lifecycle:lifecycle-process:2.7.0] AndroidManifest.xml:26:13-68
121            android:exported="false" >
121-->[androidx.lifecycle:lifecycle-process:2.7.0] AndroidManifest.xml:27:13-37
122            <meta-data
122-->[androidx.lifecycle:lifecycle-process:2.7.0] AndroidManifest.xml:29:13-31:52
123                android:name="androidx.lifecycle.ProcessLifecycleInitializer"
123-->[androidx.lifecycle:lifecycle-process:2.7.0] AndroidManifest.xml:30:17-78
124                android:value="androidx.startup" />
124-->[androidx.lifecycle:lifecycle-process:2.7.0] AndroidManifest.xml:31:17-49
125            <meta-data
125-->[androidx.profileinstaller:profileinstaller:1.4.0] AndroidManifest.xml:29:13-31:52
126                android:name="androidx.profileinstaller.ProfileInstallerInitializer"
126-->[androidx.profileinstaller:profileinstaller:1.4.0] AndroidManifest.xml:30:17-85
127                android:value="androidx.startup" />
127-->[androidx.profileinstaller:profileinstaller:1.4.0] AndroidManifest.xml:31:17-49
128        </provider>
129
130        <receiver
130-->[androidx.profileinstaller:profileinstaller:1.4.0] AndroidManifest.xml:34:9-52:20
131            android:name="androidx.profileinstaller.ProfileInstallReceiver"
131-->[androidx.profileinstaller:profileinstaller:1.4.0] AndroidManifest.xml:35:13-76
132            android:directBootAware="false"
132-->[androidx.profileinstaller:profileinstaller:1.4.0] AndroidManifest.xml:36:13-44
133            android:enabled="true"
133-->[androidx.profileinstaller:profileinstaller:1.4.0] AndroidManifest.xml:37:13-35
134            android:exported="true"
134-->[androidx.profileinstaller:profileinstaller:1.4.0] AndroidManifest.xml:38:13-36
135            android:permission="android.permission.DUMP" >
135-->[androidx.profileinstaller:profileinstaller:1.4.0] AndroidManifest.xml:39:13-57
136            <intent-filter>
136-->[androidx.profileinstaller:profileinstaller:1.4.0] AndroidManifest.xml:40:13-42:29
137                <action android:name="androidx.profileinstaller.action.INSTALL_PROFILE" />
137-->[androidx.profileinstaller:profileinstaller:1.4.0] AndroidManifest.xml:41:17-91
137-->[androidx.profileinstaller:profileinstaller:1.4.0] AndroidManifest.xml:41:25-88
138            </intent-filter>
139            <intent-filter>
139-->[androidx.profileinstaller:profileinstaller:1.4.0] AndroidManifest.xml:43:13-45:29
140                <action android:name="androidx.profileinstaller.action.SKIP_FILE" />
140-->[androidx.profileinstaller:profileinstaller:1.4.0] AndroidManifest.xml:44:17-85
140-->[androidx.profileinstaller:profileinstaller:1.4.0] AndroidManifest.xml:44:25-82
141            </intent-filter>
142            <intent-filter>
142-->[androidx.profileinstaller:profileinstaller:1.4.0] AndroidManifest.xml:46:13-48:29
143                <action android:name="androidx.profileinstaller.action.SAVE_PROFILE" />
143-->[androidx.profileinstaller:profileinstaller:1.4.0] AndroidManifest.xml:47:17-88
143-->[androidx.profileinstaller:profileinstaller:1.4.0] AndroidManifest.xml:47:25-85
144            </intent-filter>
145            <intent-filter>
145-->[androidx.profileinstaller:profileinstaller:1.4.0] AndroidManifest.xml:49:13-51:29
146                <action android:name="androidx.profileinstaller.action.BENCHMARK_OPERATION" />
146-->[androidx.profileinstaller:profileinstaller:1.4.0] AndroidManifest.xml:50:17-95
146-->[androidx.profileinstaller:profileinstaller:1.4.0] AndroidManifest.xml:50:25-92
147            </intent-filter>
148        </receiver>
149    </application>
150
151</manifest>